SF:lib/utils/handedness_layout.dart
DA:10,0
DA:16,2
DA:21,1
DA:28,0
DA:38,1
DA:43,1
DA:57,1
DA:58,3
DA:59,1
DA:63,1
DA:67,3
DA:68,0
DA:69,1
DA:70,1
DA:74,0
DA:76,0
LF:16
LH:11
end_of_record
SF:lib/state/app_state.dart
DA:15,4
DA:16,4
DA:17,4
DA:20,2
DA:21,2
DA:22,6
DA:23,4
DA:27,2
DA:31,2
DA:32,2
DA:33,2
DA:39,0
DA:40,0
DA:41,0
DA:42,0
DA:43,0
DA:44,0
DA:48,2
DA:54,2
DA:55,2
DA:56,2
DA:57,2
DA:58,2
DA:59,2
DA:68,4
DA:69,4
DA:70,4
DA:71,4
DA:73,0
DA:74,0
DA:75,0
DA:76,0
DA:81,0
DA:82,3
DA:83,6
DA:85,1
DA:86,2
DA:87,0
DA:89,2
DA:91,1
DA:95,0
DA:96,0
DA:97,0
DA:98,0
DA:105,1
DA:106,2
DA:108,2
DA:109,10
DA:111,1
DA:112,5
DA:113,2
DA:114,5
DA:115,1
DA:119,1
DA:120,4
DA:121,5
DA:123,1
DA:126,2
DA:127,6
DA:128,2
DA:132,4
DA:134,2
DA:138,4
DA:140,2
DA:144,4
LF:65
LH:49
end_of_record
SF:lib/models/notification_model.dart
DA:9,2
DA:17,2
DA:18,1
DA:19,1
DA:20,1
DA:21,1
DA:22,0
LF:7
LH:6
end_of_record
SF:lib/models/user_model.dart
DA:10,2
DA:19,0
DA:20,0
DA:21,0
DA:22,0
DA:23,0
DA:24,0
DA:25,0
DA:29,1
DA:30,3
DA:31,2
DA:32,6
DA:34,0
LF:13
LH:5
end_of_record
SF:lib/main.dart
DA:7,0
DA:10,0
DA:12,0
DA:13,0
DA:15,0
DA:22,1
DA:24,1
DA:25,1
DA:31,4
DA:33,1
DA:35,1
DA:37,1
DA:39,1
DA:40,1
DA:42,1
DA:43,1
DA:47,1
DA:48,1
DA:49,2
DA:50,2
LF:20
LH:15
end_of_record
SF:lib/theme/app_theme.dart
DA:4,0
DA:22,2
DA:23,2
DA:25,1
DA:26,1
DA:28,1
DA:48,1
DA:49,1
DA:54,2
DA:58,1
DA:59,1
DA:64,2
DA:68,1
DA:69,1
DA:74,1
DA:77,1
DA:78,1
DA:81,1
DA:82,1
DA:85,1
DA:86,1
DA:89,1
DA:90,1
DA:96,1
DA:99,2
DA:103,1
DA:106,1
DA:109,2
DA:110,1
DA:117,1
DA:118,2
DA:119,2
DA:120,2
DA:121,1
DA:122,1
DA:123,1
DA:131,1
DA:136,2
DA:141,1
DA:142,1
DA:160,1
DA:161,1
DA:166,2
DA:169,1
DA:172,1
DA:173,1
DA:176,1
DA:177,1
DA:182,1
DA:185,2
DA:187,1
DA:189,1
DA:190,1
DA:191,0
LF:54
LH:52
end_of_record
SF:lib/utils/routes.dart
DA:16,0
DA:31,1
DA:32,1
DA:35,1
DA:36,1
DA:37,1
DA:38,1
DA:42,1
DA:46,1
DA:49,2
DA:54,1
DA:55,1
DA:57,1
DA:59,1
DA:61,1
DA:65,1
DA:68,2
DA:69,1
DA:72,1
DA:73,1
DA:75,1
DA:77,1
DA:79,1
DA:83,1
DA:85,0
DA:86,0
DA:89,1
DA:91,0
DA:93,1
DA:95,0
DA:97,1
DA:99,0
DA:101,1
DA:103,1
LF:34
LH:28
end_of_record
SF:lib/models/accessibility_option.dart
DA:4,0
DA:16,0
DA:17,0
DA:18,0
DA:19,0
DA:20,0
DA:21,0
LF:7
LH:0
end_of_record
SF:lib/models/feature_model.dart
DA:14,1
DA:25,0
DA:26,0
DA:27,0
DA:28,0
DA:29,0
DA:30,0
DA:31,0
DA:32,0
DA:33,0
DA:39,0
LF:11
LH:1
end_of_record
SF:lib/screens/accessibility_onboarding_screen.dart
DA:13,1
DA:14,1
DA:16,1
DA:30,1
DA:31,2
DA:32,2
DA:35,1
DA:39,0
DA:40,0
DA:41,0
DA:46,1
DA:47,3
DA:48,1
DA:49,1
DA:50,1
DA:51,1
DA:55,1
DA:57,1
DA:59,1
DA:60,1
DA:61,1
DA:62,1
DA:64,1
DA:66,1
DA:68,1
DA:69,1
DA:70,3
DA:71,1
DA:72,3
DA:74,1
DA:78,4
DA:79,2
DA:80,1
DA:86,1
DA:87,1
DA:88,1
DA:90,4
DA:91,1
DA:92,1
DA:93,1
DA:94,0
DA:96,1
DA:97,1
DA:98,1
DA:99,0
DA:100,0
DA:101,0
DA:103,1
DA:104,1
DA:105,0
DA:112,1
DA:114,1
DA:115,1
DA:116,2
DA:117,1
DA:120,1
DA:122,1
DA:123,1
DA:124,2
DA:125,2
DA:128,1
DA:145,1
DA:147,1
DA:149,1
DA:150,1
DA:152,1
DA:154,1
DA:158,1
DA:159,2
DA:160,1
DA:162,1
DA:163,2
DA:164,1
DA:166,1
DA:169,1
DA:170,0
DA:173,1
DA:176,1
DA:177,0
DA:190,1
DA:196,1
DA:198,1
DA:200,1
DA:201,1
DA:202,1
DA:203,1
DA:204,1
DA:205,1
DA:208,1
DA:209,1
DA:210,1
DA:211,1
DA:212,1
DA:213,1
DA:214,1
DA:217,1
DA:218,1
DA:219,2
DA:220,1
DA:223,2
DA:224,1
DA:227,1
DA:230,1
DA:231,1
DA:248,1
DA:255,1
DA:257,1
DA:258,1
DA:260,1
DA:262,1
DA:266,1
DA:267,2
DA:268,1
DA:270,1
DA:271,2
DA:272,1
DA:274,1
DA:278,1
DA:279,1
DA:280,3
DA:284,1
DA:287,3
DA:288,1
DA:290,1
DA:291,3
DA:293,1
DA:294,1
DA:298,1
DA:314,1
DA:316,1
DA:318,1
DA:319,1
DA:321,1
DA:323,1
DA:327,1
DA:328,2
DA:329,1
DA:331,1
DA:332,2
DA:333,1
DA:335,1
DA:339,1
DA:340,1
DA:343,3
DA:347,1
DA:349,1
DA:351,1
DA:353,1
DA:354,1
DA:358,1
DA:359,1
DA:361,2
DA:362,1
DA:381,1
DA:387,1
DA:389,1
DA:390,1
DA:392,1
DA:393,1
DA:394,2
DA:396,1
DA:397,1
DA:399,1
DA:400,2
DA:404,2
DA:410,1
LF:166
LH:156
end_of_record
SF:lib/widgets/accessible_button.dart
DA:15,1
DA:27,1
DA:29,2
DA:31,1
DA:38,1
DA:39,0
DA:41,0
DA:42,0
DA:44,0
DA:47,2
DA:50,1
DA:51,1
DA:52,1
DA:53,2
DA:54,1
DA:55,1
DA:56,2
DA:57,0
DA:58,0
DA:59,0
DA:63,1
DA:68,1
DA:69,1
DA:72,1
DA:73,0
DA:76,1
DA:77,1
DA:79,2
LF:28
LH:20
end_of_record
SF:lib/screens/edit_profile_screen.dart
DA:14,1
DA:15,0
DA:16,0
DA:25,0
DA:27,0
DA:28,0
DA:29,0
DA:30,0
DA:33,0
DA:35,0
DA:36,0
DA:37,0
DA:40,0
DA:41,0
DA:42,0
DA:44,0
DA:45,0
DA:47,0
DA:48,0
DA:49,0
DA:52,0
DA:54,0
DA:60,0
DA:63,0
DA:65,0
DA:66,0
DA:67,0
DA:68,0
DA:73,0
DA:74,0
DA:75,0
DA:76,0
DA:77,0
DA:78,0
DA:79,0
DA:83,0
DA:84,0
DA:85,0
DA:87,0
DA:89,0
DA:90,0
DA:91,0
DA:95,0
DA:98,0
DA:99,0
DA:107,0
DA:108,0
DA:111,0
DA:121,0
DA:124,0
DA:125,0
DA:129,0
DA:134,0
DA:135,0
DA:138,0
DA:147,0
DA:150,0
DA:153,0
DA:156,0
DA:160,0
LF:60
LH:1
end_of_record
SF:lib/screens/feature_detail_screen.dart
DA:13,0
DA:15,0
DA:20,0
DA:26,0
DA:27,0
DA:35,0
DA:41,0
DA:43,0
DA:45,0
DA:46,0
DA:47,0
DA:49,0
DA:50,0
DA:51,0
DA:52,0
DA:54,0
DA:56,0
DA:58,0
DA:59,0
DA:60,0
DA:62,0
DA:64,0
DA:65,0
DA:66,0
DA:68,0
DA:73,0
DA:75,0
DA:76,0
DA:78,0
DA:82,0
DA:84,0
DA:98,0
DA:100,0
DA:101,0
DA:103,0
DA:105,0
DA:106,0
DA:108,0
DA:112,0
DA:113,0
DA:114,0
DA:118,0
DA:125,0
DA:127,0
DA:128,0
DA:129,0
DA:132,0
DA:133,0
DA:138,0
DA:140,0
DA:141,0
DA:142,0
DA:145,0
DA:146,0
DA:158,0
DA:160,0
DA:162,0
DA:164,0
DA:166,0
DA:168,0
DA:180,0
DA:182,0
DA:184,0
DA:186,0
DA:187,0
DA:188,0
DA:190,0
DA:191,0
DA:196,0
DA:203,0
DA:204,0
DA:206,0
LF:72
LH:0
end_of_record
SF:lib/screens/features_list_screen.dart
DA:15,1
DA:16,1
DA:17,1
DA:27,3
DA:28,2
DA:29,1
DA:30,0
DA:31,0
DA:32,1
DA:33,0
DA:34,0
DA:36,1
DA:38,1
DA:40,2
DA:41,1
DA:44,1
DA:46,1
DA:47,1
DA:49,1
DA:50,1
DA:51,1
DA:52,1
DA:54,1
DA:56,1
DA:59,1
DA:60,1
DA:61,0
DA:62,1
DA:65,2
DA:66,0
DA:70,0
DA:72,0
DA:73,0
DA:74,0
DA:85,1
DA:87,1
DA:91,1
DA:92,1
DA:93,1
DA:94,1
DA:95,1
DA:96,1
DA:97,2
DA:98,1
DA:100,1
DA:102,1
DA:103,1
DA:105,0
DA:106,0
DA:109,1
DA:118,1
DA:119,1
DA:120,0
DA:121,1
DA:123,1
DA:124,1
DA:126,2
DA:127,1
DA:128,3
DA:130,0
DA:131,0
DA:147,1
DA:152,1
DA:154,1
DA:156,5
DA:157,1
DA:158,1
DA:159,1
DA:160,1
DA:161,1
DA:162,1
DA:164,1
DA:165,1
DA:167,1
DA:169,1
DA:170,1
DA:171,1
DA:172,1
DA:173,1
DA:175,3
DA:176,1
DA:182,1
DA:183,1
DA:185,1
DA:186,3
DA:190,3
DA:196,3
DA:202,1
DA:203,1
DA:204,1
DA:205,1
DA:208,1
DA:209,1
DA:210,1
DA:218,1
DA:219,1
DA:234,1
DA:236,1
DA:238,1
DA:240,1
DA:242,1
DA:244,2
DA:255,0
DA:257,0
DA:259,0
DA:261,0
DA:262,0
DA:264,0
DA:268,0
DA:269,0
DA:271,0
LF:111
LH:87
end_of_record
SF:lib/screens/home_screen.dart
DA:17,1
DA:19,1
DA:21,1
DA:22,1
DA:23,1
DA:25,1
DA:26,1
DA:28,1
DA:29,1
DA:32,1
DA:33,1
DA:36,1
DA:37,1
DA:44,0
DA:53,1
DA:56,1
DA:57,0
DA:64,1
DA:65,1
DA:67,1
DA:69,1
DA:70,2
DA:73,1
DA:75,1
DA:76,2
DA:77,1
DA:80,1
DA:83,1
DA:85,1
DA:86,2
DA:87,1
DA:90,1
DA:93,1
DA:95,1
DA:96,2
DA:97,1
DA:113,1
DA:115,1
DA:117,2
DA:118,1
DA:120,1
DA:124,1
DA:127,1
DA:133,1
DA:135,1
DA:137,1
DA:138,2
DA:141,4
DA:159,1
DA:161,1
DA:163,1
DA:164,2
DA:166,1
DA:167,1
DA:169,1
DA:171,1
DA:172,2
DA:173,3
DA:174,1
DA:175,2
DA:190,1
DA:193,1
DA:195,1
DA:196,3
DA:197,1
DA:198,1
DA:199,1
DA:202,1
DA:203,2
DA:204,1
DA:206,2
DA:207,1
DA:208,1
DA:213,2
DA:226,1
DA:228,1
DA:230,1
DA:237,1
DA:238,1
DA:241,2
DA:242,0
DA:243,0
DA:245,1
DA:248,2
DA:249,0
DA:250,0
DA:252,1
DA:254,2
DA:255,2
DA:256,0
DA:257,0
DA:259,1
DA:263,0
DA:275,1
DA:281,1
DA:283,1
DA:284,2
DA:286,1
DA:288,1
DA:289,1
DA:290,1
DA:291,1
DA:293,3
DA:294,1
DA:295,1
DA:296,1
DA:297,1
DA:298,1
DA:299,1
DA:301,1
DA:302,1
DA:306,1
DA:307,2
DA:308,1
DA:310,2
DA:311,1
DA:314,1
DA:328,1
DA:330,1
DA:332,1
DA:334,1
DA:336,1
DA:338,1
DA:340,1
DA:344,1
DA:345,1
DA:347,1
DA:352,1
DA:355,1
DA:356,1
DA:357,1
DA:358,1
LF:132
LH:123
end_of_record
SF:lib/screens/login_screen.dart
DA:16,1
DA:17,1
DA:18,1
DA:29,1
DA:31,2
DA:32,2
DA:33,1
DA:36,1
DA:37,3
DA:38,4
DA:40,3
DA:41,3
DA:42,2
DA:45,1
DA:47,0
DA:48,0
DA:49,0
DA:55,1
DA:57,1
DA:58,1
DA:59,1
DA:60,1
DA:65,1
DA:66,1
DA:67,1
DA:68,1
DA:69,1
DA:70,1
DA:74,1
DA:75,1
DA:76,1
DA:78,1
DA:82,1
DA:84,1
DA:85,1
DA:86,1
DA:88,1
DA:90,1
DA:98,1
DA:100,3
DA:110,1
DA:111,2
DA:112,1
DA:114,1
DA:115,2
DA:116,1
DA:120,1
DA:123,1
DA:125,1
DA:134,1
DA:135,2
DA:138,2
DA:148,1
DA:151,1
DA:152,1
DA:153,1
DA:155,0
DA:156,1
DA:160,1
DA:161,1
DA:166,1
DA:167,2
DA:170,0
DA:171,0
DA:175,1
DA:176,1
DA:179,2
DA:188,1
DA:190,0
DA:192,0
DA:194,0
DA:195,0
DA:196,0
DA:197,0
DA:198,0
DA:200,0
DA:201,0
DA:202,0
DA:203,0
DA:205,0
DA:206,0
DA:207,0
DA:208,0
DA:215,1
DA:218,1
DA:221,1
DA:223,1
DA:225,1
DA:228,1
DA:229,1
DA:231,1
DA:232,1
DA:234,1
DA:239,0
DA:240,0
DA:248,1
DA:250,2
DA:251,1
DA:254,1
DA:256,1
DA:257,1
DA:259,2
DA:260,1
LF:103
LH:80
end_of_record
SF:lib/screens/notifications_screen.dart
DA:14,1
DA:16,0
DA:17,0
DA:18,0
DA:19,0
DA:20,0
DA:23,0
DA:25,0
DA:26,0
DA:28,0
DA:29,0
DA:31,0
DA:32,0
DA:33,0
DA:36,0
DA:37,0
DA:38,0
DA:45,0
DA:47,0
DA:49,0
DA:50,0
DA:51,0
DA:52,0
DA:53,0
DA:54,0
DA:55,0
DA:66,0
DA:69,0
DA:71,0
DA:73,0
DA:75,0
DA:77,0
DA:80,0
DA:81,0
DA:83,0
DA:84,0
DA:85,0
DA:86,0
DA:88,0
DA:90,0
DA:92,0
DA:95,0
DA:101,0
DA:102,0
DA:104,0
DA:105,0
DA:106,0
DA:113,0
DA:119,0
DA:136,1
DA:138,0
DA:140,0
DA:142,0
DA:143,0
DA:145,0
DA:149,0
DA:150,0
DA:151,0
DA:152,0
DA:153,0
LF:60
LH:2
end_of_record
SF:lib/screens/profile_screen.dart
DA:10,1
DA:12,0
DA:14,0
DA:15,0
DA:16,0
DA:24,0
DA:25,0
DA:27,0
DA:28,0
DA:31,0
DA:33,0
DA:39,0
DA:41,0
DA:42,0
DA:46,0
DA:47,0
DA:48,0
DA:51,0
DA:52,0
DA:62,0
DA:63,0
DA:64,0
DA:66,0
DA:67,0
DA:68,0
DA:70,0
DA:71,0
DA:72,0
DA:76,0
DA:77,0
DA:78,0
DA:79,0
DA:81,0
DA:83,0
DA:84,0
DA:85,0
DA:86,0
DA:88,0
DA:89,0
DA:90,0
DA:91,0
DA:94,0
DA:95,0
DA:97,0
DA:98,0
DA:99,0
DA:100,0
DA:102,0
DA:103,0
DA:104,0
DA:112,0
DA:113,0
DA:114,0
DA:115,0
DA:117,0
DA:118,0
DA:119,0
DA:121,0
DA:122,0
DA:124,0
DA:125,0
DA:126,0
DA:127,0
DA:129,0
DA:130,0
DA:131,0
DA:143,0
DA:146,0
DA:147,0
DA:149,0
DA:151,0
DA:152,0
DA:153,0
DA:156,0
DA:157,0
DA:160,0
DA:162,0
DA:169,0
DA:172,0
DA:174,0
DA:175,0
DA:180,0
DA:181,0
DA:183,0
DA:186,0
DA:187,0
DA:188,0
DA:192,0
DA:193,0
DA:195,0
DA:199,0
DA:200,0
DA:201,0
DA:204,0
DA:205,0
DA:206,0
DA:207,0
DA:213,0
DA:214,0
DA:232,0
DA:234,0
DA:236,0
DA:237,0
DA:238,0
DA:239,0
DA:240,0
DA:246,0
LF:107
LH:1
end_of_record
SF:lib/screens/settings_screen.dart
DA:16,1
DA:18,1
DA:20,1
DA:24,1
DA:26,1
DA:27,1
DA:28,1
DA:30,1
DA:32,1
DA:38,1
DA:39,1
DA:40,1
DA:41,1
DA:44,0
DA:47,1
DA:50,0
DA:60,1
DA:61,1
DA:93,1
DA:95,1
DA:96,2
DA:98,1
DA:99,2
DA:101,1
DA:102,2
DA:105,1
DA:107,2
DA:108,1
DA:111,0
DA:113,0
DA:116,0
DA:118,0
DA:121,0
DA:123,0
DA:126,0
DA:128,0
DA:136,1
DA:138,1
DA:140,1
DA:142,1
DA:143,2
DA:158,1
DA:161,1
DA:163,1
DA:165,1
DA:166,1
DA:167,2
DA:168,2
DA:173,1
DA:185,1
DA:188,0
DA:190,0
DA:191,0
DA:192,0
DA:193,0
DA:194,0
DA:197,0
LF:57
LH:40
end_of_record
SF:lib/state/accessibility_settings.dart
DA:11,0
DA:12,0
DA:13,0
DA:14,0
DA:16,0
DA:17,0
DA:21,0
DA:23,0
DA:27,0
DA:29,0
DA:33,0
DA:37,0
DA:38,0
DA:42,0
DA:43,0
DA:46,0
DA:47,0
DA:51,0
DA:52,0
DA:55,0
DA:56,0
DA:60,0
DA:61,0
DA:64,0
DA:65,0
DA:67,0
DA:71,0
DA:72,0
LF:28
LH:0
end_of_record
SF:lib/widgets/accessibility_panel.dart
DA:6,1
DA:13,1
DA:15,1
DA:16,2
DA:18,1
DA:22,1
DA:24,1
DA:25,3
DA:27,1
DA:29,1
DA:30,1
DA:32,3
DA:37,1
DA:39,2
DA:42,1
DA:45,2
DA:48,2
DA:50,1
DA:53,2
DA:56,2
DA:58,1
DA:61,2
DA:64,2
DA:67,1
DA:69,3
DA:73,1
DA:74,2
DA:78,5
DA:79,2
DA:88,1
DA:104,1
DA:106,1
DA:107,1
DA:108,1
DA:109,1
DA:110,2
DA:112,1
DA:113,3
DA:114,1
DA:116,1
DA:118,1
DA:119,1
DA:120,2
DA:121,2
DA:122,2
LF:45
LH:45
end_of_record
SF:lib/widgets/main_shell.dart
DA:20,1
DA:22,1
DA:23,1
DA:24,1
DA:25,1
DA:26,1
DA:32,1
DA:34,1
DA:35,2
DA:36,1
DA:37,2
DA:41,1
DA:43,1
DA:44,2
DA:45,1
DA:47,1
DA:48,1
DA:49,1
DA:51,2
DA:52,1
DA:54,1
DA:55,1
DA:63,1
DA:64,1
DA:72,1
DA:73,1
DA:74,1
DA:76,1
DA:77,1
DA:78,1
DA:79,2
DA:83,1
DA:84,1
DA:85,2
DA:91,1
DA:92,1
LF:36
LH:36
end_of_record
