SF:lib/models/feature_model.dart
DA:14,1
DA:25,2
DA:26,1
DA:27,1
DA:28,1
DA:29,1
DA:30,1
DA:31,1
DA:32,1
DA:33,0
DA:39,0
LF:11
LH:9
end_of_record
SF:lib/state/app_state.dart
DA:15,6
DA:16,6
DA:17,6
DA:20,3
DA:21,3
DA:22,9
DA:23,6
DA:27,3
DA:31,3
DA:32,3
DA:33,3
DA:39,0
DA:40,0
DA:41,0
DA:42,0
DA:43,0
DA:44,0
DA:48,3
DA:54,3
DA:55,3
DA:56,3
DA:57,3
DA:58,3
DA:59,3
DA:68,8
DA:69,8
DA:70,8
DA:71,8
DA:73,9
DA:74,6
DA:75,6
DA:76,6
DA:81,0
DA:82,9
DA:83,3
DA:85,0
DA:86,0
DA:87,0
DA:89,0
DA:91,0
DA:95,0
DA:96,0
DA:97,0
DA:98,0
DA:105,0
DA:106,0
DA:108,3
DA:109,15
DA:111,0
DA:112,0
DA:113,0
DA:114,0
DA:115,0
DA:119,0
DA:120,0
DA:121,0
DA:123,0
DA:126,3
DA:127,9
DA:128,3
DA:132,6
DA:134,3
DA:138,6
DA:140,3
DA:144,6
LF:65
LH:38
end_of_record
SF:lib/utils/handedness_layout.dart
DA:10,0
DA:16,3
DA:21,0
DA:28,0
DA:38,3
DA:43,3
DA:57,0
DA:58,0
DA:59,0
DA:63,0
DA:67,0
DA:68,0
DA:69,0
DA:70,0
DA:74,0
DA:76,0
LF:16
LH:3
end_of_record
SF:lib/models/notification_model.dart
DA:9,3
DA:17,0
DA:18,0
DA:19,0
DA:20,0
DA:21,0
DA:22,0
LF:7
LH:1
end_of_record
SF:lib/models/user_model.dart
DA:10,3
DA:19,0
DA:20,0
DA:21,0
DA:22,0
DA:23,0
DA:24,0
DA:25,0
DA:29,3
DA:30,9
DA:31,6
DA:32,18
DA:34,0
LF:13
LH:5
end_of_record
SF:lib/main.dart
DA:7,0
DA:10,0
DA:12,0
DA:13,0
DA:15,0
DA:22,3
DA:24,3
DA:25,3
DA:31,12
DA:33,3
DA:35,3
DA:37,3
DA:39,3
DA:40,3
DA:42,3
DA:43,3
DA:47,3
DA:48,3
DA:49,6
DA:50,6
LF:20
LH:15
end_of_record
SF:lib/theme/app_theme.dart
DA:4,0
DA:22,6
DA:23,6
DA:25,3
DA:26,3
DA:28,3
DA:48,3
DA:49,3
DA:54,6
DA:58,3
DA:59,3
DA:64,6
DA:68,3
DA:69,3
DA:74,3
DA:77,3
DA:78,3
DA:81,3
DA:82,3
DA:85,3
DA:86,3
DA:89,3
DA:90,3
DA:96,3
DA:99,6
DA:103,3
DA:106,3
DA:109,6
DA:110,3
DA:117,3
DA:118,6
DA:119,6
DA:120,6
DA:121,3
DA:122,3
DA:123,3
DA:131,3
DA:136,6
DA:141,3
DA:142,3
DA:160,3
DA:161,3
DA:166,6
DA:169,3
DA:172,3
DA:173,3
DA:176,3
DA:177,3
DA:182,3
DA:185,6
DA:187,3
DA:189,3
DA:190,5
DA:191,2
LF:54
LH:53
end_of_record
SF:lib/utils/routes.dart
DA:16,0
DA:31,3
DA:32,3
DA:35,3
DA:36,3
DA:37,3
DA:38,3
DA:42,3
DA:46,3
DA:49,6
DA:54,3
DA:55,3
DA:57,3
DA:59,3
DA:61,3
DA:65,3
DA:68,6
DA:69,3
DA:72,3
DA:73,3
DA:75,3
DA:77,3
DA:79,1
DA:83,3
DA:85,0
DA:86,0
DA:89,3
DA:91,0
DA:93,3
DA:95,0
DA:97,3
DA:99,0
DA:101,3
DA:103,2
LF:34
LH:28
end_of_record
SF:lib/models/accessibility_option.dart
DA:4,0
DA:16,0
DA:17,0
DA:18,0
DA:19,0
DA:20,0
DA:21,0
LF:7
LH:0
end_of_record
SF:lib/screens/accessibility_onboarding_screen.dart
DA:13,1
DA:14,3
DA:16,3
DA:30,3
DA:31,6
DA:32,6
DA:35,3
DA:39,0
DA:40,0
DA:41,0
DA:46,3
DA:47,9
DA:48,3
DA:49,3
DA:50,3
DA:51,3
DA:55,3
DA:57,3
DA:59,3
DA:60,3
DA:61,3
DA:62,3
DA:64,3
DA:66,3
DA:68,3
DA:69,3
DA:70,9
DA:71,3
DA:72,9
DA:74,3
DA:78,12
DA:79,6
DA:80,3
DA:86,3
DA:87,3
DA:88,3
DA:90,12
DA:91,3
DA:92,3
DA:93,3
DA:94,0
DA:96,3
DA:97,3
DA:98,3
DA:99,0
DA:100,0
DA:101,0
DA:103,3
DA:104,3
DA:105,0
DA:112,3
DA:114,3
DA:115,3
DA:116,6
DA:117,3
DA:120,3
DA:122,3
DA:123,3
DA:124,6
DA:125,6
DA:128,3
DA:145,3
DA:147,3
DA:149,3
DA:150,3
DA:152,3
DA:154,3
DA:158,3
DA:159,6
DA:160,3
DA:162,3
DA:163,6
DA:164,3
DA:166,3
DA:169,3
DA:170,0
DA:173,3
DA:176,3
DA:177,0
DA:190,3
DA:196,3
DA:198,3
DA:200,3
DA:201,3
DA:202,3
DA:203,3
DA:204,3
DA:205,3
DA:208,3
DA:209,3
DA:210,3
DA:211,3
DA:212,3
DA:213,3
DA:214,3
DA:217,3
DA:218,3
DA:219,6
DA:220,3
DA:223,6
DA:224,3
DA:227,3
DA:230,3
DA:231,3
DA:248,3
DA:255,3
DA:257,3
DA:258,3
DA:260,3
DA:262,3
DA:266,3
DA:267,6
DA:268,3
DA:270,3
DA:271,6
DA:272,3
DA:274,3
DA:278,3
DA:279,3
DA:280,9
DA:284,3
DA:287,9
DA:288,3
DA:290,3
DA:291,9
DA:293,3
DA:294,3
DA:298,3
DA:314,3
DA:316,3
DA:318,3
DA:319,3
DA:321,3
DA:323,3
DA:327,3
DA:328,6
DA:329,3
DA:331,3
DA:332,6
DA:333,3
DA:335,3
DA:339,3
DA:340,3
DA:343,9
DA:347,3
DA:349,3
DA:351,3
DA:353,3
DA:354,3
DA:358,3
DA:359,3
DA:361,6
DA:362,3
DA:381,3
DA:387,3
DA:389,3
DA:390,3
DA:392,3
DA:393,3
DA:394,6
DA:396,3
DA:397,3
DA:399,3
DA:400,6
DA:404,6
DA:410,3
LF:166
LH:156
end_of_record
SF:lib/widgets/accessible_button.dart
DA:15,3
DA:27,3
DA:29,6
DA:31,3
DA:38,3
DA:39,0
DA:41,0
DA:42,0
DA:44,0
DA:47,6
DA:50,3
DA:51,3
DA:52,3
DA:53,6
DA:54,3
DA:55,3
DA:56,6
DA:57,0
DA:58,0
DA:59,0
DA:63,3
DA:68,3
DA:69,3
DA:72,3
DA:73,0
DA:76,3
DA:77,3
DA:79,6
LF:28
LH:20
end_of_record
SF:lib/screens/edit_profile_screen.dart
DA:14,1
DA:15,0
DA:16,0
DA:25,0
DA:27,0
DA:28,0
DA:29,0
DA:30,0
DA:33,0
DA:35,0
DA:36,0
DA:37,0
DA:40,0
DA:41,0
DA:42,0
DA:44,0
DA:45,0
DA:47,0
DA:48,0
DA:49,0
DA:52,0
DA:54,0
DA:60,0
DA:63,0
DA:65,0
DA:66,0
DA:67,0
DA:68,0
DA:73,0
DA:74,0
DA:75,0
DA:76,0
DA:77,0
DA:78,0
DA:79,0
DA:83,0
DA:84,0
DA:85,0
DA:87,0
DA:89,0
DA:90,0
DA:91,0
DA:95,0
DA:98,0
DA:99,0
DA:107,0
DA:108,0
DA:111,0
DA:121,0
DA:124,0
DA:125,0
DA:129,0
DA:134,0
DA:135,0
DA:138,0
DA:147,0
DA:150,0
DA:153,0
DA:156,0
DA:160,0
LF:60
LH:1
end_of_record
SF:lib/screens/feature_detail_screen.dart
DA:13,0
DA:15,0
DA:20,0
DA:26,0
DA:27,0
DA:35,0
DA:41,0
DA:43,0
DA:45,0
DA:46,0
DA:47,0
DA:49,0
DA:50,0
DA:51,0
DA:52,0
DA:54,0
DA:56,0
DA:58,0
DA:59,0
DA:60,0
DA:62,0
DA:64,0
DA:65,0
DA:66,0
DA:68,0
DA:73,0
DA:75,0
DA:76,0
DA:78,0
DA:82,0
DA:84,0
DA:98,0
DA:100,0
DA:101,0
DA:103,0
DA:105,0
DA:106,0
DA:108,0
DA:112,0
DA:113,0
DA:114,0
DA:118,0
DA:125,0
DA:127,0
DA:128,0
DA:129,0
DA:132,0
DA:133,0
DA:138,0
DA:140,0
DA:141,0
DA:142,0
DA:145,0
DA:146,0
DA:158,0
DA:160,0
DA:162,0
DA:164,0
DA:166,0
DA:168,0
DA:180,0
DA:182,0
DA:184,0
DA:186,0
DA:187,0
DA:188,0
DA:190,0
DA:191,0
DA:196,0
DA:203,0
DA:204,0
DA:206,0
LF:72
LH:0
end_of_record
SF:lib/screens/features_list_screen.dart
DA:15,1
DA:16,1
DA:17,1
DA:27,3
DA:28,2
DA:29,1
DA:30,0
DA:31,0
DA:32,1
DA:33,0
DA:34,0
DA:36,1
DA:38,1
DA:40,2
DA:41,1
DA:44,1
DA:46,1
DA:47,1
DA:49,1
DA:50,1
DA:51,1
DA:52,1
DA:54,1
DA:56,1
DA:59,1
DA:60,1
DA:61,0
DA:62,1
DA:65,2
DA:66,0
DA:70,0
DA:72,0
DA:73,0
DA:74,0
DA:85,1
DA:87,1
DA:91,1
DA:92,1
DA:93,1
DA:94,1
DA:95,1
DA:96,1
DA:97,2
DA:98,1
DA:100,1
DA:102,1
DA:103,1
DA:105,0
DA:106,0
DA:109,1
DA:118,1
DA:119,1
DA:120,0
DA:121,1
DA:123,1
DA:124,1
DA:126,2
DA:127,1
DA:128,3
DA:130,0
DA:131,0
DA:147,1
DA:152,1
DA:154,1
DA:156,5
DA:157,1
DA:158,1
DA:159,1
DA:160,1
DA:161,1
DA:162,1
DA:164,1
DA:165,1
DA:167,1
DA:169,1
DA:170,1
DA:171,1
DA:172,1
DA:173,1
DA:175,3
DA:176,1
DA:182,1
DA:183,1
DA:185,1
DA:186,3
DA:190,3
DA:196,3
DA:202,1
DA:203,1
DA:204,1
DA:205,1
DA:208,1
DA:209,1
DA:210,1
DA:218,1
DA:219,1
DA:234,1
DA:236,1
DA:238,1
DA:240,1
DA:242,1
DA:244,2
DA:255,0
DA:257,0
DA:259,0
DA:261,0
DA:262,0
DA:264,0
DA:268,0
DA:269,0
DA:271,0
LF:111
LH:87
end_of_record
SF:lib/screens/home_screen.dart
DA:17,1
DA:19,3
DA:21,3
DA:22,3
DA:23,3
DA:25,3
DA:26,3
DA:28,3
DA:29,3
DA:32,3
DA:33,3
DA:36,3
DA:37,3
DA:44,0
DA:53,3
DA:56,3
DA:57,0
DA:64,3
DA:65,3
DA:67,3
DA:69,3
DA:70,6
DA:73,3
DA:75,3
DA:76,6
DA:77,3
DA:80,3
DA:83,3
DA:85,3
DA:86,6
DA:87,3
DA:90,3
DA:93,3
DA:95,3
DA:96,6
DA:97,3
DA:113,3
DA:115,3
DA:117,6
DA:118,3
DA:120,3
DA:124,3
DA:127,3
DA:133,3
DA:135,3
DA:137,3
DA:138,6
DA:141,12
DA:159,3
DA:161,3
DA:163,3
DA:164,6
DA:166,3
DA:167,3
DA:169,3
DA:171,3
DA:172,6
DA:173,9
DA:174,3
DA:175,6
DA:190,3
DA:193,3
DA:195,3
DA:196,9
DA:197,3
DA:198,3
DA:199,3
DA:202,3
DA:203,6
DA:204,3
DA:206,6
DA:207,3
DA:208,3
DA:213,6
DA:226,3
DA:228,3
DA:230,3
DA:237,3
DA:238,3
DA:241,6
DA:242,0
DA:243,0
DA:245,3
DA:248,6
DA:249,0
DA:250,0
DA:252,3
DA:254,6
DA:255,6
DA:256,0
DA:257,0
DA:259,3
DA:263,0
DA:275,3
DA:281,3
DA:283,3
DA:284,6
DA:286,3
DA:288,3
DA:289,3
DA:290,3
DA:291,3
DA:293,9
DA:294,3
DA:295,3
DA:296,3
DA:297,3
DA:298,3
DA:299,3
DA:301,3
DA:302,3
DA:306,3
DA:307,6
DA:308,3
DA:310,6
DA:311,3
DA:314,3
DA:328,1
DA:330,3
DA:332,3
DA:334,3
DA:336,3
DA:338,3
DA:340,3
DA:344,3
DA:345,3
DA:347,3
DA:352,3
DA:355,3
DA:356,3
DA:357,3
DA:358,3
LF:132
LH:123
end_of_record
SF:lib/screens/login_screen.dart
DA:16,1
DA:17,3
DA:18,3
DA:29,3
DA:31,6
DA:32,6
DA:33,3
DA:36,3
DA:37,9
DA:38,12
DA:40,9
DA:41,9
DA:42,6
DA:45,3
DA:47,0
DA:48,0
DA:49,0
DA:55,3
DA:57,3
DA:58,3
DA:59,3
DA:60,3
DA:65,3
DA:66,3
DA:67,3
DA:68,3
DA:69,3
DA:70,3
DA:74,3
DA:75,3
DA:76,3
DA:78,3
DA:82,3
DA:84,3
DA:85,3
DA:86,3
DA:88,3
DA:90,3
DA:98,3
DA:100,9
DA:110,3
DA:111,6
DA:112,3
DA:114,3
DA:115,6
DA:116,3
DA:120,3
DA:123,3
DA:125,3
DA:134,3
DA:135,6
DA:138,6
DA:148,3
DA:151,3
DA:152,3
DA:153,3
DA:155,0
DA:156,3
DA:160,3
DA:161,3
DA:166,3
DA:167,6
DA:170,0
DA:171,0
DA:175,3
DA:176,3
DA:179,6
DA:188,3
DA:190,0
DA:192,0
DA:194,0
DA:195,0
DA:196,0
DA:197,0
DA:198,0
DA:200,0
DA:201,0
DA:202,0
DA:203,0
DA:205,0
DA:206,0
DA:207,0
DA:208,0
DA:215,3
DA:218,3
DA:221,3
DA:223,3
DA:225,3
DA:228,3
DA:229,3
DA:231,3
DA:232,3
DA:234,3
DA:239,0
DA:240,0
DA:248,3
DA:250,6
DA:251,3
DA:254,3
DA:256,3
DA:257,3
DA:259,6
DA:260,3
LF:103
LH:80
end_of_record
SF:lib/screens/notifications_screen.dart
DA:14,1
DA:16,0
DA:17,0
DA:18,0
DA:19,0
DA:20,0
DA:23,0
DA:25,0
DA:26,0
DA:28,0
DA:29,0
DA:31,0
DA:32,0
DA:33,0
DA:36,0
DA:37,0
DA:38,0
DA:45,0
DA:47,0
DA:49,0
DA:50,0
DA:51,0
DA:52,0
DA:53,0
DA:54,0
DA:55,0
DA:66,0
DA:69,0
DA:71,0
DA:73,0
DA:75,0
DA:77,0
DA:80,0
DA:81,0
DA:83,0
DA:84,0
DA:85,0
DA:86,0
DA:88,0
DA:90,0
DA:92,0
DA:95,0
DA:101,0
DA:102,0
DA:104,0
DA:105,0
DA:106,0
DA:113,0
DA:119,0
DA:136,1
DA:138,0
DA:140,0
DA:142,0
DA:143,0
DA:145,0
DA:149,0
DA:150,0
DA:151,0
DA:152,0
DA:153,0
LF:60
LH:2
end_of_record
SF:lib/screens/profile_screen.dart
DA:10,1
DA:12,0
DA:14,0
DA:15,0
DA:16,0
DA:24,0
DA:25,0
DA:27,0
DA:28,0
DA:31,0
DA:33,0
DA:39,0
DA:41,0
DA:42,0
DA:46,0
DA:47,0
DA:48,0
DA:51,0
DA:52,0
DA:62,0
DA:63,0
DA:64,0
DA:66,0
DA:67,0
DA:68,0
DA:70,0
DA:71,0
DA:72,0
DA:76,0
DA:77,0
DA:78,0
DA:79,0
DA:81,0
DA:83,0
DA:84,0
DA:85,0
DA:86,0
DA:88,0
DA:89,0
DA:90,0
DA:91,0
DA:94,0
DA:95,0
DA:97,0
DA:98,0
DA:99,0
DA:100,0
DA:102,0
DA:103,0
DA:104,0
DA:112,0
DA:113,0
DA:114,0
DA:115,0
DA:117,0
DA:118,0
DA:119,0
DA:121,0
DA:122,0
DA:124,0
DA:125,0
DA:126,0
DA:127,0
DA:129,0
DA:130,0
DA:131,0
DA:143,0
DA:146,0
DA:147,0
DA:149,0
DA:151,0
DA:152,0
DA:153,0
DA:156,0
DA:157,0
DA:160,0
DA:162,0
DA:169,0
DA:172,0
DA:174,0
DA:175,0
DA:180,0
DA:181,0
DA:183,0
DA:186,0
DA:187,0
DA:188,0
DA:192,0
DA:193,0
DA:195,0
DA:199,0
DA:200,0
DA:201,0
DA:204,0
DA:205,0
DA:206,0
DA:207,0
DA:213,0
DA:214,0
DA:232,0
DA:234,0
DA:236,0
DA:237,0
DA:238,0
DA:239,0
DA:240,0
DA:246,0
LF:107
LH:1
end_of_record
SF:lib/screens/settings_screen.dart
DA:16,1
DA:18,2
DA:20,2
DA:24,2
DA:26,2
DA:27,2
DA:28,2
DA:30,2
DA:32,2
DA:38,2
DA:39,2
DA:40,2
DA:41,2
DA:44,0
DA:47,2
DA:50,0
DA:60,2
DA:61,2
DA:93,2
DA:95,2
DA:96,4
DA:98,2
DA:99,4
DA:101,2
DA:102,4
DA:105,2
DA:107,4
DA:108,2
DA:111,0
DA:113,0
DA:116,1
DA:118,3
DA:121,0
DA:123,0
DA:126,0
DA:128,0
DA:136,1
DA:138,2
DA:140,2
DA:142,2
DA:143,4
DA:158,2
DA:161,2
DA:163,2
DA:165,2
DA:166,2
DA:167,4
DA:168,4
DA:173,2
DA:185,1
DA:188,0
DA:190,0
DA:191,0
DA:192,0
DA:193,0
DA:194,0
DA:197,0
LF:57
LH:42
end_of_record
SF:lib/state/accessibility_settings.dart
DA:11,0
DA:12,0
DA:13,0
DA:14,0
DA:16,0
DA:17,0
DA:21,0
DA:23,0
DA:27,0
DA:29,0
DA:33,0
DA:37,0
DA:38,0
DA:42,0
DA:43,0
DA:46,0
DA:47,0
DA:51,0
DA:52,0
DA:55,0
DA:56,0
DA:60,0
DA:61,0
DA:64,0
DA:65,0
DA:67,0
DA:71,0
DA:72,0
LF:28
LH:0
end_of_record
SF:lib/widgets/accessibility_panel.dart
DA:6,2
DA:13,2
DA:15,2
DA:16,4
DA:18,2
DA:22,2
DA:24,2
DA:25,6
DA:27,2
DA:29,2
DA:30,2
DA:32,6
DA:37,2
DA:39,4
DA:42,2
DA:45,4
DA:48,4
DA:50,2
DA:53,4
DA:56,4
DA:58,2
DA:61,4
DA:64,4
DA:67,2
DA:69,6
DA:73,2
DA:74,4
DA:78,10
DA:79,4
DA:88,2
DA:104,2
DA:106,2
DA:107,2
DA:108,2
DA:109,2
DA:110,6
DA:111,2
DA:112,2
DA:113,4
DA:115,2
DA:117,2
DA:118,2
DA:119,4
DA:120,4
DA:121,4
LF:45
LH:45
end_of_record
SF:lib/widgets/main_shell.dart
DA:20,3
DA:22,3
DA:23,3
DA:24,3
DA:25,3
DA:26,3
DA:32,2
DA:34,2
DA:35,3
DA:36,2
DA:37,4
DA:41,3
DA:43,3
DA:44,6
DA:45,3
DA:47,3
DA:48,3
DA:49,3
DA:51,4
DA:52,3
DA:54,3
DA:55,3
DA:63,3
DA:64,3
DA:72,3
DA:73,3
DA:74,3
DA:76,3
DA:77,3
DA:78,3
DA:79,6
DA:83,3
DA:84,3
DA:85,6
DA:91,3
DA:92,3
LF:36
LH:36
end_of_record
